<?xml version="1.0" encoding="UTF-8"?>
<!-- Generated by org.testng.reporters.JUnitReportReporter -->
<testsuite hostname="Shanjida" failures="0" tests="2" name="com.selenium.method.testing.C02_use_of_isEnabled_method" time="0.089" errors="0" timestamp="2022-05-09T21:16:00 EDT" skipped="0">
  <testcase classname="com.selenium.method.testing.C02_use_of_isEnabled_method" name="loginButtonTest" time="0.053"/>
  <system-out/>
  <testcase classname="com.selenium.method.testing.C02_use_of_isEnabled_method" name="newUserRegistrationTest" time="0.036"/>
  <system-out/>
</testsuite> <!-- com.selenium.method.testing.C02_use_of_isEnabled_method -->
