<?xml version="1.0" encoding="UTF-8"?>
<!-- Generated by org.testng.reporters.JUnitReportReporter -->
<testsuite hostname="Shanjida" failures="0" tests="1" name="com.selenium.method.testing.A02_use_of_get_by_testNG" time="11.190" errors="0" timestamp="2022-05-05T14:24:55 EDT" skipped="0">
  <testcase classname="com.selenium.method.testing.A02_use_of_get_by_testNG" name="urlTest" time="11.190"/>
  <system-out/>
</testsuite> <!-- com.selenium.method.testing.A02_use_of_get_by_testNG -->
