<?xml version="1.0" encoding="UTF-8"?>
<!-- Generated by org.testng.reporters.JUnitReportReporter -->
<testsuite hostname="Shanjida" failures="0" tests="1" name="com.selenium.method.testing.B01_use_of_click_method_by_id_locator" time="5.096" errors="0" timestamp="2022-05-05T15:58:59 EDT" skipped="0">
  <testcase classname="com.selenium.method.testing.B01_use_of_click_method_by_id_locator" name="loginButtonTest" time="5.096"/>
  <system-out/>
</testsuite> <!-- com.selenium.method.testing.B01_use_of_click_method_by_id_locator -->
