<?xml version="1.0" encoding="UTF-8"?>
<!-- Generated by org.testng.reporters.JUnitReportReporter -->
<testsuite hostname="Shanjida" failures="0" tests="1" name="com.selenium.method.testing.B04_use_of_click_method_by_linkedText_locator" time="8.589" errors="0" timestamp="2022-05-05T16:58:12 EDT" skipped="0">
  <testcase classname="com.selenium.method.testing.B04_use_of_click_method_by_linkedText_locator" name="sellTest" time="8.589"/>
  <system-out/>
</testsuite> <!-- com.selenium.method.testing.B04_use_of_click_method_by_linkedText_locator -->
