<?xml version="1.0" encoding="UTF-8"?>
<!-- Generated by org.testng.reporters.JUnitReportReporter -->
<testsuite hostname="Shanjida" failures="0" tests="1" name="com.selenium.method.testing.B08_use_of_isDisplayed_method_by_cssSelector_locator_using_id" time="5.094" errors="0" timestamp="2022-05-05T21:20:14 EDT" skipped="0">
  <testcase classname="com.selenium.method.testing.B08_use_of_isDisplayed_method_by_cssSelector_locator_using_id" name="loginButtonTest" time="5.094"/>
  <system-out/>
</testsuite> <!-- com.selenium.method.testing.B08_use_of_isDisplayed_method_by_cssSelector_locator_using_id -->
