<?xml version="1.0" encoding="UTF-8"?>
<!-- Generated by org.testng.reporters.JUnitReportReporter -->
<testsuite hostname="Shanjida" failures="0" tests="1" name="com.selenium.method.testing.B07_use_of_isDisplayed_method_by_cssSelector_locator" time="5.364" errors="0" timestamp="2022-05-05T21:09:49 EDT" skipped="0">
  <testcase classname="com.selenium.method.testing.B07_use_of_isDisplayed_method_by_cssSelector_locator" name="newUserRegistrationTest" time="5.364"/>
  <system-out/>
</testsuite> <!-- com.selenium.method.testing.B07_use_of_isDisplayed_method_by_cssSelector_locator -->
