<?xml version="1.0" encoding="UTF-8"?>
<!-- Generated by org.testng.reporters.JUnitReportReporter -->
<testsuite hostname="Shanjida" failures="0" tests="1" name="com.selenium.method.testing.B09_use_of_click_method_by_cssSelector_locator_not_common_way" time="5.138" errors="0" timestamp="2022-05-05T21:29:37 EDT" skipped="0">
  <testcase classname="com.selenium.method.testing.B09_use_of_click_method_by_cssSelector_locator_not_common_way" name="loginButtonTest" time="5.138"/>
  <system-out/>
</testsuite> <!-- com.selenium.method.testing.B09_use_of_click_method_by_cssSelector_locator_not_common_way -->
