<?xml version="1.0" encoding="UTF-8"?>
<!-- Generated by org.testng.reporters.JUnitReportReporter -->
<testsuite hostname="Shanjida" failures="0" tests="1" name="com.selenium.method.testing.C01_use_of_isDisplayed_method" time="0.515" errors="0" timestamp="2022-05-09T20:50:33 EDT" skipped="0">
  <testcase classname="com.selenium.method.testing.C01_use_of_isDisplayed_method" name="logoTest" time="0.515"/>
  <system-out/>
</testsuite> <!-- com.selenium.method.testing.C01_use_of_isDisplayed_method -->
