<?xml version="1.0" encoding="UTF-8"?>
<!-- Generated by org.testng.reporters.JUnitReportReporter -->
<testsuite hostname="Shanjida" failures="0" tests="1" name="com.selenium.method.testing.B02_use_of_click_method_by_name_locator" time="5.121" errors="0" timestamp="2022-05-05T16:20:59 EDT" skipped="0">
  <testcase classname="com.selenium.method.testing.B02_use_of_click_method_by_name_locator" name="loginButtonTest" time="5.121"/>
  <system-out/>
</testsuite> <!-- com.selenium.method.testing.B02_use_of_click_method_by_name_locator -->
