<?xml version="1.0" encoding="UTF-8"?>
<!-- Generated by org.testng.reporters.JUnitReportReporter -->
<testsuite hostname="Shanjida" failures="0" tests="1" name="com.selenium.method.testing.B06_use_of_click_method_by_cssSelector_locator" time="5.136" errors="0" timestamp="2022-05-05T20:39:27 EDT" skipped="0">
  <testcase classname="com.selenium.method.testing.B06_use_of_click_method_by_cssSelector_locator" name="loginButtonTest" time="5.136"/>
  <system-out/>
</testsuite> <!-- com.selenium.method.testing.B06_use_of_click_method_by_cssSelector_locator -->
