<?xml version="1.0" encoding="UTF-8"?>
<!-- Generated by org.testng.reporters.JUnitReportReporter -->
<testsuite hostname="Shanjida" failures="0" tests="1" name="com.selenium.method.testing.B_use_of_the_get_method" time="0.165" errors="0" timestamp="2022-05-05T00:40:11 EDT" skipped="0">
  <testcase classname="com.selenium.method.testing.B_use_of_the_get_method" name="loginButtonTest" time="0.165"/>
  <system-out/>
</testsuite> <!-- com.selenium.method.testing.B_use_of_the_get_method -->
