<?xml version="1.0" encoding="UTF-8"?>
<!-- Generated by org.testng.reporters.JUnitReportReporter -->
<testsuite hostname="Shanjida" failures="0" tests="1" name="com.selenium.method.testing.B03_use_of_click_method_by_className_locator" time="9.057" errors="0" timestamp="2022-05-05T16:45:25 EDT" skipped="0">
  <testcase classname="com.selenium.method.testing.B03_use_of_click_method_by_className_locator" name="loginButtonTest" time="9.057"/>
  <system-out/>
</testsuite> <!-- com.selenium.method.testing.B03_use_of_click_method_by_className_locator -->
